WARNING:django.request:Not Found: /img/notification-01.jpg
WARNING:django.request:Not Found: /img/notification-02.jpg
WARNING:django.request:Not Found: /img/notification-03.jpg
WARNING:django.request:Not Found: /img/notification-01.jpg
WARNING:django.request:Not Found: /img/notification-02.jpg
WARNING:django.request:Not Found: /img/notification-03.jpg
WARNING:django.request:Not Found: /img/notification-01.jpg
WARNING:django.request:Not Found: /img/notification-02.jpg
WARNING:django.request:Not Found: /img/notification-03.jpg
WARNING:django.request:Not Found: /img/notification-01.jpg
WARNING:django.request:Not Found: /img/notification-02.jpg
WARNING:django.request:Not Found: /img/notification-03.jpg
WARNING:django.request:Not Found: /img/notification-01.jpg
WARNING:django.request:Not Found: /img/notification-02.jpg
WARNING:django.request:Not Found: /img/notification-03.jpg
WARNING:django.request:Not Found: /img/notification-01.jpg
WARNING:django.request:Not Found: /img/notification-02.jpg
WARNING:django.request:Not Found: /img/notification-03.jpg
WARNING:django.request:Not Found: /img/notification-01.jpg
WARNING:django.request:Not Found: /img/notification-02.jpg
WARNING:django.request:Not Found: /img/notification-03.jpg
WARNING:django.request:Not Found: /index.html
WARNING:django.request:Not Found: /img/notification-02.jpg
WARNING:django.request:Not Found: /img/notification-01.jpg
WARNING:django.request:Not Found: /img/notification-03.jpg
WARNING:django.request:Not Found: /img/notification-01.jpg
WARNING:django.request:Not Found: /img/notification-02.jpg
WARNING:django.request:Not Found: /img/notification-03.jpg
WARNING:django.request:Not Found: /img/notification-01.jpg
WARNING:django.request:Not Found: /img/notification-02.jpg
WARNING:django.request:Not Found: /img/notification-03.jpg
WARNING:django.request:Not Found: /img/notification-01.jpg
WARNING:django.request:Not Found: /img/notification-02.jpg
WARNING:django.request:Not Found: /img/notification-03.jpg
WARNING:django.request:Not Found: /img/notification-02.jpg
WARNING:django.request:Not Found: /img/notification-01.jpg
WARNING:django.request:Not Found: /img/notification-03.jpg
WARNING:django.request:Not Found: /img/notification-01.jpg
WARNING:django.request:Not Found: /img/notification-02.jpg
WARNING:django.request:Not Found: /img/notification-03.jpg
WARNING:django.request:Not Found: /img/notification-01.jpg
WARNING:django.request:Not Found: /img/notification-02.jpg
WARNING:django.request:Not Found: /img/notification-03.jpg
WARNING:django.request:Not Found: /img/notification-01.jpg
WARNING:django.request:Not Found: /img/notification-02.jpg
WARNING:django.request:Not Found: /img/notification-03.jpg
INFO:django.utils.autoreload:/home/velavok/ML/DEEPLOM/WEB/Look4Face/Look4Face/settings.py changed, reloading.
INFO:django.utils.autoreload:/home/velavok/ML/DEEPLOM/WEB/Look4Face/Look4Face/settings.py changed, reloading.
INFO:django.utils.autoreload:/home/velavok/ML/DEEPLOM/WEB/Look4Face/Look4Face/settings.py changed, reloading.
WARNING:django.request:Not Found: /accounts.html
WARNING:django.request:Not Found: /accounts.html
WARNING:django.request:Not Found: /img/avatar.png
WARNING:django.request:Not Found: /img/avatar.png
